[22:13:35] [main/INFO]: Setting user: Player199
[22:13:37] [Client thread/INFO]: LWJGL Version: 2.9.1
[22:13:48] [Client thread/INFO]: Reloading ResourceManager: Default, FMLFileResourcePack:Forge Mod Loader, FMLFileResourcePack:Minecraft Forge, FMLFileResourcePack:Not Enough Items, FMLFileResourcePack:Cobbler, FMLFileResourcePack:Applied Energistics 2, FMLFileResourcePack:CoFH Core, FMLFileResourcePack:Storage Drawers, FMLFileResourcePack:Thermal Expansion, FMLFileResourcePack:Thermal Foundation, FMLFileResourcePack:Waila
[22:13:54] [Sound Library Loader/INFO]: Sound engine started
[22:13:56] [Client thread/INFO]: Created: 16x16 textures/blocks-atlas
[22:13:56] [Client thread/INFO]: Created: 16x16 textures/items-atlas
[22:14:01] [Client thread/INFO]: Reloading ResourceManager: Default, FMLFileResourcePack:Forge Mod Loader, FMLFileResourcePack:Minecraft Forge, FMLFileResourcePack:Not Enough Items, FMLFileResourcePack:Cobbler, FMLFileResourcePack:Applied Energistics 2, FMLFileResourcePack:CoFH Core, FMLFileResourcePack:Storage Drawers, FMLFileResourcePack:Thermal Expansion, FMLFileResourcePack:Thermal Foundation, FMLFileResourcePack:Waila
[22:14:02] [Client thread/INFO]: Created: 1024x512 textures/blocks-atlas
[22:14:02] [Client thread/INFO]: Created: 512x512 textures/items-atlas
[22:14:03] [Sound Library Loader/INFO]: Sound engine started
[22:14:07] [Server thread/INFO]: Starting integrated minecraft server version 1.7.10
[22:14:07] [Server thread/INFO]: Generating keypair
[22:14:08] [Server thread/INFO]: Preparing start region for level 0
[22:14:09] [Server thread/INFO]: Changing view distance to 5, from 10
[22:14:09] [Server thread/INFO]: Player199[local:E:46bb4258] logged in with entity id 167 at (55.19740843050236, 4.0, -418.15944991540425)
[22:14:09] [Server thread/INFO]: Player199 присоединился к игре
[22:14:13] [Server thread/INFO]: Saving and pausing game...
[22:14:13] [Server thread/INFO]: Saving chunks for level 'плоский'/Overworld
[22:14:13] [Server thread/INFO]: Saving chunks for level 'плоский'/Nether
[22:14:13] [Server thread/INFO]: Saving chunks for level 'плоский'/The End
[22:14:38] [Server thread/INFO]: Player199 заработал достижение [Проверить карманы]
[22:14:38] [Client thread/INFO]: [CHAT] Player199 заработал достижение [Проверить карманы]
[22:14:53] [Server thread/INFO]: [Player199: Дано [Резонирующий циклический сборщик] * 64 игроку Player199]
[22:14:53] [Client thread/INFO]: [CHAT] Дано [Резонирующий циклический сборщик] * 64 игроку Player199
[22:15:03] [Server thread/INFO]: [Player199: Дано [Схема] * 1 игроку Player199]
[22:15:03] [Client thread/INFO]: [CHAT] Дано [Схема] * 1 игроку Player199
[22:15:25] [Server thread/INFO]: [Player199: Дано [Творческая энергетическая ячейка] * 1 игроку Player199]
[22:15:25] [Client thread/INFO]: [CHAT] Дано [Творческая энергетическая ячейка] * 1 игроку Player199
[22:15:38] [Server thread/INFO]: [Player199: Дано [Сундук] * 64 игроку Player199]
[22:15:38] [Client thread/INFO]: [CHAT] Дано [Сундук] * 64 игроку Player199
[22:40:34] [Client thread/INFO]: Stopping!
[22:40:34] [Server thread/INFO]: Stopping server
[22:40:34] [Server thread/INFO]: Saving players
[22:40:34] [Server thread/INFO]: Saving worlds
[22:40:34] [Server thread/INFO]: Saving chunks for level 'плоский'/Overworld
[22:40:34] [Server thread/INFO]: Saving chunks for level 'плоский'/Nether
[22:40:34] [Server thread/INFO]: Saving chunks for level 'плоский'/The End
