WARNING: You are using an unsupported version of ForgeGradle.
Please consider upgrading to ForgeGradle 4 and helping in the efforts to get old versions working on the modern toolchain.
See https://gist.github.com/TheCurle/fe7ad3ede188cbdd15c235cc75d52d4a for more info on contributing.
:compileApiJava UP-TO-DATE
:processApiResources UP-TO-DATE
:apiClasses UP-TO-DATE
:sourceMainJava
:compileJavawarning: [options] bootstrap class path not set in conjunction with -source 1.6
Note: Some input files use unchecked or unsafe operations.
Note: Recompile with -Xlint:unchecked for details.
1 warning

:processResources
:classes
:jar
:extractMcpData UP-TO-DATE
:getVersionJson
:extractUserDev UP-TO-DATE
:genSrgs SKIPPED
:reobf
:assemble

BUILD SUCCESSFUL

Total time: 4.139 secs
